xrun(64): 22.09-s003: (c) Copyright 1995-2022 Cadence Design Systems, Inc.
TOOL:	xrun(64)	22.09-s003: Started on Dec 07, 2025 at 18:36:27 IST
xrun
	-64bit
	-access +rwc
	-y /cad/FOUNDRY/lan/flow/t1u1/reference_libs/GPDK045/gsclib045_svt_v4.4/gsclib045/verilog
	+libext+.v
	-timescale 1ns/1ps
	-f filelist.f
		+incdir+.
		/cad/FOUNDRY/lan/flow/t1u1/reference_libs/GPDK045/gsclib045_svt_v4.4/gsclib045/verilog/slow_vdd1v0_basicCells.v
		tb_postlayout.v
		final_netlist.v
		stdcell_stubs.v
	+define+POST_LAYOUT
	+sdf_cmd_file=sdf.cmd
	-l postlayout_xrun.log

   User defined plus("+") options:
	+sdf_cmd_file=sdf.cmd

Loading snapshot worklib.ACHCONX2:v .................... Done
xcelium> source /cad/XCELIUM2209/tools/xcelium/files/xmsimrc
xcelium> run
Annotating SDF...
INFO: Finished reading. Samples read = 15000
SIM DONE: cycles=15000  samples=15000  fir_outputs=32
Simulation complete via $finish(1) at time 17019500 NS + 0
./tb_postlayout.v:109     $finish;
xcelium> exit
TOOL:	xrun(64)	22.09-s003: Exiting on Dec 07, 2025 at 18:36:30 IST  (total: 00:00:03)
