
Power Net Detected:
        Voltage	    Name
             0V	    VSS
           1.8V	    VDD
Using Power View: view_slow.

Begin Power Analysis

             0V	    VSS
           1.8V	    VDD

Warning:
  There are 2 power/gnd nets that are not connected
VSS VDD ...
Use 'globalNetConnect' to define rail connections.
** WARN:  (VOLTUS_POWR-2035): There are 2 power/gnd nets that are not connected
VSS VDD ...
Use 'globalNetConnect' to define rail connections.



Begin Processing Timing Library for Power Calculation

Begin Processing Timing Library for Power Calculation



Begin Processing Power Net/Grid for Power Calculation

Ended Processing Power Net/Grid for Power Calculation: (cpu=0:00:00, real=0:00:00, mem(process/total/peak)=1983.64MB/4102.91MB/1983.64MB)

Begin Processing Timing Window Data for Power Calculation

CLK(100MHz) CK: assigning clock CLK to net clk
Ended Processing Timing Window Data for Power Calculation: (cpu=0:00:00, real=0:00:00, mem(process/total/peak)=1983.64MB/4102.91MB/1983.64MB)

Begin Processing User Attributes

Ended Processing User Attributes: (cpu=0:00:00, real=0:00:00, mem(process/total/peak)=1983.64MB/4102.91MB/1983.64MB)

Begin Processing Signal Activity


Starting Levelizing
2025-Dec-07 07:56:29 (2025-Dec-07 02:26:29 GMT)
2025-Dec-07 07:56:29 (2025-Dec-07 02:26:29 GMT): 10%
2025-Dec-07 07:56:29 (2025-Dec-07 02:26:29 GMT): 20%
2025-Dec-07 07:56:29 (2025-Dec-07 02:26:29 GMT): 30%
2025-Dec-07 07:56:29 (2025-Dec-07 02:26:29 GMT): 40%
2025-Dec-07 07:56:29 (2025-Dec-07 02:26:29 GMT): 50%
2025-Dec-07 07:56:29 (2025-Dec-07 02:26:29 GMT): 60%
2025-Dec-07 07:56:29 (2025-Dec-07 02:26:29 GMT): 70%
2025-Dec-07 07:56:29 (2025-Dec-07 02:26:29 GMT): 80%
2025-Dec-07 07:56:29 (2025-Dec-07 02:26:29 GMT): 90%

Finished Levelizing
2025-Dec-07 07:56:29 (2025-Dec-07 02:26:29 GMT)

Starting Activity Propagation
2025-Dec-07 07:56:29 (2025-Dec-07 02:26:29 GMT)
** INFO:  (VOLTUS_POWR-1356): No default input activity has been set. Defaulting to 0.2.
Use 'set_default_switching_activity -input_activity' command to change the default activity value.

2025-Dec-07 07:56:29 (2025-Dec-07 02:26:29 GMT): 10%
2025-Dec-07 07:56:29 (2025-Dec-07 02:26:29 GMT): 20%
2025-Dec-07 07:56:29 (2025-Dec-07 02:26:29 GMT): 30%
2025-Dec-07 07:56:29 (2025-Dec-07 02:26:29 GMT): 40%
2025-Dec-07 07:56:29 (2025-Dec-07 02:26:29 GMT): 50%
2025-Dec-07 07:56:29 (2025-Dec-07 02:26:29 GMT): 60%
2025-Dec-07 07:56:29 (2025-Dec-07 02:26:29 GMT): 70%
2025-Dec-07 07:56:29 (2025-Dec-07 02:26:29 GMT): 80%
2025-Dec-07 07:56:29 (2025-Dec-07 02:26:29 GMT): 90%

Finished Activity Propagation
2025-Dec-07 07:56:29 (2025-Dec-07 02:26:29 GMT)
Ended Processing Signal Activity: (cpu=0:00:00, real=0:00:00, mem(process/total/peak)=1983.64MB/4102.91MB/1983.64MB)

Begin Power Computation

      ----------------------------------------------------------
      # of cell(s) missing both power/leakage table: 0
      # of cell(s) missing power table: 0
      # of cell(s) missing leakage table: 0
      ----------------------------------------------------------



Starting Calculating power
2025-Dec-07 07:56:29 (2025-Dec-07 02:26:29 GMT)
 ... Calculating switching power
  instance \BASE_CHAIN_INT2_I1_y_out_reg[31]  is not connected to any rail
  instance \BASE_CHAIN_INT2_I1_y_out_reg[30]  is not connected to any rail
  instance \BASE_CHAIN_INT2_I1_y_out_reg[29]  is not connected to any rail
  instance \BASE_CHAIN_INT2_I1_y_out_reg[28]  is not connected to any rail
  instance \BASE_CHAIN_INT2_I1_y_out_reg[27]  is not connected to any rail
  only first five unconnected instances are listed...
2025-Dec-07 07:56:29 (2025-Dec-07 02:26:29 GMT): 10%
2025-Dec-07 07:56:29 (2025-Dec-07 02:26:29 GMT): 20%
2025-Dec-07 07:56:29 (2025-Dec-07 02:26:29 GMT): 30%
2025-Dec-07 07:56:29 (2025-Dec-07 02:26:29 GMT): 40%
2025-Dec-07 07:56:29 (2025-Dec-07 02:26:29 GMT): 50%
 ... Calculating internal and leakage power
2025-Dec-07 07:56:29 (2025-Dec-07 02:26:29 GMT): 60%
2025-Dec-07 07:56:29 (2025-Dec-07 02:26:29 GMT): 70%
2025-Dec-07 07:56:29 (2025-Dec-07 02:26:29 GMT): 80%
2025-Dec-07 07:56:29 (2025-Dec-07 02:26:29 GMT): 90%

Finished Calculating power
2025-Dec-07 07:56:30 (2025-Dec-07 02:26:30 GMT)
      # of MSMV cell(s) missing power_level: 0
Ended Power Computation: (cpu=0:00:00, real=0:00:00, mem(process/total/peak)=1985.33MB/4110.91MB/1985.33MB)

Begin Processing User Attributes

Ended Processing User Attributes: (cpu=0:00:00, real=0:00:00, mem(process/total/peak)=1985.33MB/4110.91MB/1985.33MB)

Ended Power Analysis: (cpu=0:00:01, real=0:00:01, mem(process/total/peak)=1985.33MB/4110.91MB/1985.33MB)

Begin Boundary Leakage Calculation
Ended Boundary Leakage Calculation: (cpu=0:00:00, real=0:00:00,
mem(process/total/peak)=1985.33MB/4110.91MB/1985.33MB)
Begin Static Power Report Generation
*----------------------------------------------------------------------------------------
*	Innovus 21.15-s110_1 (64bit) 09/23/2022 13:08 (Linux 3.10.0-693.el7.x86_64)
*	
*
* 	Date & Time:	2025-Dec-07 07:56:30 (2025-Dec-07 02:26:30 GMT)
*
*----------------------------------------------------------------------------------------
*
*	Design: integrator_chain_with_downsampler_comb_nohold_with_fir128
*
*	Liberty Libraries used:
*	        view_slow: /home/ISDL_UG_92/Final_Draft_ASIC/final.enc.dat/libs/mmmc/typical.lib
*
*	Parasitic Files used:
*
*       Power View : view_slow
*
*       User-Defined Activity : N.A.
*
*       Activity File: N.A.
*
*       Hierarchical Global Activity: N.A.
*
*       Global Activity: N.A.
*
*       Sequential Element Activity: N.A.
*
*       Primary Input Activity: 0.200000
*
*       Default icg ratio: N.A.
*
*       Global Comb ClockGate Ratio: N.A.
*
*	Power Units = 1mW
*
*	Time Units = 1e-09 secs
*
*       report_power
*
-----------------------------------------------------------------------------------------
*



Total Power
-----------------------------------------------------------------------------------------
Total Internal Power:       40.31361847 	   84.4689%
Total Switching Power:       7.41049166 	   15.5272%
Total Leakage Power:         0.00187267 	    0.0039%
Total Power:                47.72598280
-----------------------------------------------------------------------------------------


Group                           Internal   Switching     Leakage       Total  Percentage 
                                Power      Power         Power         Power  (%)        
-----------------------------------------------------------------------------------------
Sequential                          31.1       1.317     0.00136       32.42       67.93
Macro                                  0           0           0           0           0
IO                                     0           0           0           0           0
Combinational                      9.212       6.093   0.0005123       15.31       32.07
Clock (Combinational)                  0           0           0           0           0
Clock (Sequential)                     0           0           0           0           0
-----------------------------------------------------------------------------------------
Total                              40.31        7.41    0.001873       47.73         100
-----------------------------------------------------------------------------------------


Rail                  Voltage   Internal   Switching     Leakage       Total  Percentage 
                                Power      Power         Power         Power  (%)        
-----------------------------------------------------------------------------------------
Default                   1.8      40.31        7.41    0.001873       47.73         100
 
 
-----------------------------------------------------------------------------------------
*	Power Distribution Summary: 
*              Highest Average Power:               FIR/g241321 (NOR2X4):           0.4843
*              Highest Leakage Power:            FIR/ptr_reg[1] (SDFFTRX4):        5.547e-07
*                Total Cap:      3.05795e-10 F
*                Total instances in design: 15934
*                Total instances in design with no power:     0
*                Total instances in design with no activty:     0

*                Total Fillers and Decap:     0
-----------------------------------------------------------------------------------------
 
** INFO:  (VOLTUS_POWR-3465): There are 0 decaps and 0 fillers in the design

Ended Static Power Report Generation: (cpu=0:00:00, real=0:00:00,
mem(process/total/peak)=1985.33MB/4110.91MB/1985.33MB)

