###############################################################
#  Generated by:      Cadence Innovus 21.15-s110_1
#  OS:                Linux x86_64(Host ID vlsicsl-s1.iitrpr.ac.in)
#  Generated on:      Sun Dec  7 07:55:20 2025
#  Design:            integrator_chain_with_downsampler_comb_nohold_with_fir128
#  Command:           report_timing > timing.rpt
###############################################################
Path 1: VIOLATED Setup Check with Pin FIR/sum_reg_reg[46]/CK 
Endpoint:   FIR/sum_reg_reg[46]/D (v) checked with  leading edge of 'CLK'
Beginpoint: FIR/ptr_reg[6]/Q      (v) triggered by  leading edge of 'CLK'
Path Groups: {CLK}
Analysis View: view_slow
Other End Arrival Time          0.000
- Setup                         0.166
+ Phase Shift                  10.000
- Uncertainty                   0.100
= Required Time                 9.734
- Arrival Time                 22.082
= Slack Time                  -12.348
     Clock Rise Edge                 0.000
     + Clock Network Latency (Ideal) 0.000
     = Beginpoint Arrival Time       0.000
     +----------------------------------------------------------------------------------------------+ 
     |               Instance               |     Arc      |   Cell    | Delay | Arrival | Required | 
     |                                      |              |           |       |  Time   |   Time   | 
     |--------------------------------------+--------------+-----------+-------+---------+----------| 
     | FIR/ptr_reg[6]                       | CK ^         |           |       |   0.000 |  -12.348 | 
     | FIR/ptr_reg[6]                       | CK ^ -> Q v  | DFFX1     | 0.481 |   0.481 |  -11.866 | 
     | FIR/g241321                          | B v -> Y ^   | NOR2X4    | 7.642 |   8.123 |   -4.224 | 
     | FIR/g237702                          | B0 ^ -> Y v  | AOI222X1  | 4.223 |  12.346 |   -0.002 | 
     | FIR/g236711__2883                    | A0 v -> Y ^  | AOI21X1   | 0.621 |  12.967 |    0.619 | 
     | FIR/g236413__8428                    | A ^ -> Y ^   | OR4X2     | 0.229 |  13.196 |    0.848 | 
     | FIR/g236247__6783                    | B0 ^ -> Y v  | AOI22X1   | 0.302 |  13.498 |    1.150 | 
     | FIR/g236146__7482                    | D v -> Y ^   | NAND4X1   | 0.434 |  13.932 |    1.584 | 
     | FIR/csa_tree_add_232_50_groupi_g2097 | A ^ -> Y v   | NOR2X1    | 0.091 |  14.023 |    1.675 | 
     | FIR/csa_tree_add_232_50_groupi_g2061 | B0 v -> Y ^  | OAI2BB1X1 | 0.087 |  14.109 |    1.762 | 
     | FIR/csa_tree_add_232_50_groupi_g2058 | B0 ^ -> Y v  | OAI2BB1X1 | 0.065 |  14.175 |    1.827 | 
     | FIR/csa_tree_add_232_50_groupi_g2057 | B0 v -> Y ^  | OAI21XL   | 0.079 |  14.254 |    1.906 | 
     | FIR/csa_tree_add_232_50_groupi_g2055 | B0 ^ -> Y v  | OAI2BB1X1 | 0.052 |  14.306 |    1.958 | 
     | FIR/csa_tree_add_232_50_groupi_g2054 | B v -> CO v  | ADDFX2    | 0.329 |  14.634 |    2.287 | 
     | FIR/csa_tree_add_232_50_groupi_g2053 | B0 v -> Y ^  | OAI21XL   | 0.083 |  14.717 |    2.369 | 
     | FIR/csa_tree_add_232_50_groupi_g2051 | B0 ^ -> Y v  | OAI2BB1X1 | 0.060 |  14.777 |    2.430 | 
     | FIR/csa_tree_add_232_50_groupi_g2050 | CI v -> CO v | ADDFX1    | 0.204 |  14.981 |    2.633 | 
     | FIR/csa_tree_add_232_50_groupi_g2049 | CI v -> CO v | ADDFX1    | 0.208 |  15.189 |    2.841 | 
     | FIR/csa_tree_add_232_50_groupi_g2048 | CI v -> CO v | ADDFX1    | 0.207 |  15.396 |    3.048 | 
     | FIR/csa_tree_add_232_50_groupi_g2047 | CI v -> CO v | ADDFX1    | 0.213 |  15.609 |    3.261 | 
     | FIR/csa_tree_add_232_50_groupi_g2046 | CI v -> CO v | ADDFX1    | 0.213 |  15.822 |    3.474 | 
     | FIR/csa_tree_add_232_50_groupi_g2045 | CI v -> CO v | ADDFX1    | 0.209 |  16.031 |    3.684 | 
     | FIR/csa_tree_add_232_50_groupi_g2044 | CI v -> CO v | ADDFX1    | 0.250 |  16.281 |    3.934 | 
     | FIR/csa_tree_add_232_50_groupi_g2043 | CI v -> CO v | ADDFX1    | 0.234 |  16.516 |    4.168 | 
     | FIR/csa_tree_add_232_50_groupi_g2042 | CI v -> CO v | ADDFX1    | 0.205 |  16.721 |    4.373 | 
     | FIR/csa_tree_add_232_50_groupi_g2041 | CI v -> CO v | ADDFX1    | 0.204 |  16.926 |    4.578 | 
     | FIR/csa_tree_add_232_50_groupi_g2040 | CI v -> CO v | ADDFX1    | 0.203 |  17.129 |    4.781 | 
     | FIR/csa_tree_add_232_50_groupi_g2039 | CI v -> CO v | ADDFX1    | 0.217 |  17.345 |    4.998 | 
     | FIR/csa_tree_add_232_50_groupi_g2038 | CI v -> CO v | ADDFX1    | 0.208 |  17.554 |    5.206 | 
     | FIR/csa_tree_add_232_50_groupi_g2037 | CI v -> CO v | ADDFX1    | 0.215 |  17.769 |    5.422 | 
     | FIR/csa_tree_add_232_50_groupi_g2036 | CI v -> CO v | ADDFX1    | 0.208 |  17.977 |    5.630 | 
     | FIR/csa_tree_add_232_50_groupi_g2035 | CI v -> CO v | ADDFX1    | 0.202 |  18.179 |    5.831 | 
     | FIR/csa_tree_add_232_50_groupi_g2034 | CI v -> CO v | ADDFX1    | 0.215 |  18.394 |    6.046 | 
     | FIR/csa_tree_add_232_50_groupi_g2033 | CI v -> CO v | ADDFX1    | 0.215 |  18.609 |    6.261 | 
     | FIR/csa_tree_add_232_50_groupi_g2032 | CI v -> CO v | ADDFX1    | 0.218 |  18.827 |    6.479 | 
     | FIR/csa_tree_add_232_50_groupi_g2031 | CI v -> CO v | ADDFX1    | 0.206 |  19.033 |    6.685 | 
     | FIR/csa_tree_add_232_50_groupi_g2030 | CI v -> CO v | ADDFX1    | 0.219 |  19.252 |    6.904 | 
     | FIR/csa_tree_add_232_50_groupi_g2029 | CI v -> CO v | ADDFX1    | 0.215 |  19.467 |    7.119 | 
     | FIR/csa_tree_add_232_50_groupi_g2028 | CI v -> CO v | ADDFX1    | 0.202 |  19.669 |    7.322 | 
     | FIR/csa_tree_add_232_50_groupi_g2027 | CI v -> CO v | ADDFX1    | 0.209 |  19.878 |    7.531 | 
     | FIR/csa_tree_add_232_50_groupi_g2026 | CI v -> CO v | ADDFX1    | 0.222 |  20.100 |    7.753 | 
     | FIR/csa_tree_add_232_50_groupi_g2025 | CI v -> CO v | ADDFX1    | 0.212 |  20.312 |    7.964 | 
     | FIR/csa_tree_add_232_50_groupi_g2024 | CI v -> CO v | ADDFX1    | 0.216 |  20.528 |    8.180 | 
     | FIR/csa_tree_add_232_50_groupi_g2023 | CI v -> CO v | ADDFX1    | 0.220 |  20.748 |    8.401 | 
     | FIR/csa_tree_add_232_50_groupi_g2022 | CI v -> CO v | ADDFX1    | 0.207 |  20.956 |    8.608 | 
     | FIR/csa_tree_add_232_50_groupi_g2021 | CI v -> CO v | ADDFX1    | 0.208 |  21.163 |    8.816 | 
     | FIR/csa_tree_add_232_50_groupi_g2020 | CI v -> CO v | ADDFX1    | 0.202 |  21.365 |    9.018 | 
     | FIR/csa_tree_add_232_50_groupi_g2019 | CI v -> CO v | ADDFX1    | 0.202 |  21.568 |    9.220 | 
     | FIR/csa_tree_add_232_50_groupi_g2018 | CI v -> CO v | ADDFX1    | 0.208 |  21.775 |    9.428 | 
     | FIR/csa_tree_add_232_50_groupi_g2017 | A1N v -> Y v | OAI2BB2X1 | 0.140 |  21.916 |    9.568 | 
     | FIR/g248447                          | B0 v -> Y ^  | AOI22X1   | 0.135 |  22.051 |    9.703 | 
     | FIR/g248418                          | A ^ -> Y v   | INVX1     | 0.031 |  22.082 |    9.734 | 
     | FIR/sum_reg_reg[46]                  | D v          | DFFTRXL   | 0.000 |  22.082 |    9.734 | 
     +----------------------------------------------------------------------------------------------+ 

